Name:               gke-sufkha-megatron-test-np-0-db2c160b-6w16
Roles:              <none>
Labels:             beta.kubernetes.io/arch=amd64
                    beta.kubernetes.io/instance-type=a3-highgpu-8g
                    beta.kubernetes.io/os=linux
                    cloud.google.com/gke-accelerator=nvidia-h100-80gb
                    cloud.google.com/gke-boot-disk=pd-ssd
                    cloud.google.com/gke-container-runtime=containerd
                    cloud.google.com/gke-cpu-scaling-level=208
                    cloud.google.com/gke-ephemeral-storage-local-ssd=true
                    cloud.google.com/gke-gpu=true
                    cloud.google.com/gke-kdump-enabled=true
                    cloud.google.com/gke-logging-variant=DEFAULT
                    cloud.google.com/gke-max-pods-per-node=110
                    cloud.google.com/gke-netd-ready=true
                    cloud.google.com/gke-nodepool=np-0
                    cloud.google.com/gke-os-distribution=cos
                    cloud.google.com/gke-provisioning=standard
                    cloud.google.com/gke-stack-type=IPV4
                    cloud.google.com/machine-family=a3
                    cloud.google.com/private-node=false
                    cloud.google.com/run-high-perf-daemons=true
                    cloud.google.com/scheduled-maintenance-time=1704868813
                    failure-domain.beta.kubernetes.io/region=us-central1
                    failure-domain.beta.kubernetes.io/zone=us-central1-c
                    iam.gke.io/gke-metadata-server-enabled=true
                    kubernetes.io/arch=amd64
                    kubernetes.io/hostname=gke-sufkha-megatron-test-np-0-db2c160b-6w16
                    kubernetes.io/os=linux
                    node.kubernetes.io/instance-type=a3-highgpu-8g
                    topology.gke.io/zone=us-central1-c
                    topology.kubernetes.io/region=us-central1
                    topology.kubernetes.io/zone=us-central1-c
Annotations:        container.googleapis.com/instance_id: 7066087448424608491
                    csi.volume.kubernetes.io/nodeid:
                      {"filestore.csi.storage.gke.io":"gke-sufkha-megatron-test-np-0-db2c160b-6w16","gcsfuse.csi.storage.gke.io":"gke-sufkha-megatron-test-np-0-...
                    networking.gke.io/network-status: [{"name":"default"},{"name":"vpc1"},{"name":"vpc2"},{"name":"vpc3"}]
                    networking.gke.io/networks:
                      [{"name":"vpc1","cidrs":["10.2.0.2/32"],"scope":"host-local"},{"name":"vpc2","cidrs":["10.3.0.2/32"],"scope":"host-local"},{"name":"vpc3",...
                    networking.gke.io/nic-info:
                      [{"birthIP":"10.0.0.6","pciAddress":"0000:00:0c.0","birthName":"eth0"},{"birthIP":"10.1.0.2","pciAddress":"0000:06:00.0","birthName":"eth1...
                    networking.gke.io/north-interfaces:
                      [{"network":"vpc1","ipAddress":"10.2.0.2"},{"network":"vpc2","ipAddress":"10.3.0.2"},{"network":"vpc3","ipAddress":"10.4.0.2"}]
                    networking.gke.io/state: Idle
                    node.alpha.kubernetes.io/ttl: 0
                    node.gke.io/last-applied-node-labels:
                      cloud.google.com/gke-accelerator=nvidia-h100-80gb,cloud.google.com/gke-boot-disk=pd-ssd,cloud.google.com/gke-container-runtime=containerd,...
                    node.gke.io/last-applied-node-taints: 
                    volumes.kubernetes.io/controller-managed-attach-detach: true
CreationTimestamp:  Mon, 08 Jan 2024 19:27:53 +0000
Taints:             cloud.google.com/maintenance-window-started:PreferNoSchedule
Unschedulable:      false
Lease:
  HolderIdentity:  gke-sufkha-megatron-test-np-0-db2c160b-6w16
  AcquireTime:     <unset>
  RenewTime:       Tue, 23 Jan 2024 01:11:28 +0000
Conditions:
  Type                          Status  LastHeartbeatTime                 LastTransitionTime                Reason                          Message
  ----                          ------  -----------------                 ------------------                ------                          -------
  FrequentContainerdRestart     False   Tue, 23 Jan 2024 01:07:56 +0000   Mon, 08 Jan 2024 19:27:54 +0000   NoFrequentContainerdRestart     containerd is functioning properly
  CorruptDockerOverlay2         False   Tue, 23 Jan 2024 01:07:56 +0000   Mon, 08 Jan 2024 19:27:54 +0000   NoCorruptDockerOverlay2         docker overlay2 is functioning properly
  KernelDeadlock                False   Tue, 23 Jan 2024 01:07:56 +0000   Mon, 08 Jan 2024 19:27:54 +0000   KernelHasNoDeadlock             kernel has no deadlock
  ReadonlyFilesystem            False   Tue, 23 Jan 2024 01:07:56 +0000   Mon, 08 Jan 2024 19:27:54 +0000   FilesystemIsNotReadOnly         Filesystem is not read-only
  FrequentUnregisterNetDevice   False   Tue, 23 Jan 2024 01:07:56 +0000   Mon, 08 Jan 2024 19:27:54 +0000   NoFrequentUnregisterNetDevice   node is functioning properly
  FrequentKubeletRestart        False   Tue, 23 Jan 2024 01:07:56 +0000   Mon, 08 Jan 2024 19:27:54 +0000   NoFrequentKubeletRestart        kubelet is functioning properly
  FrequentDockerRestart         False   Tue, 23 Jan 2024 01:07:56 +0000   Mon, 08 Jan 2024 19:27:54 +0000   NoFrequentDockerRestart         docker is functioning properly
  NetworkUnavailable            False   Mon, 08 Jan 2024 19:27:54 +0000   Mon, 08 Jan 2024 19:27:54 +0000   RouteCreated                    NodeController create implicit route
  MemoryPressure                False   Tue, 23 Jan 2024 01:10:46 +0000   Mon, 08 Jan 2024 19:27:53 +0000   KubeletHasSufficientMemory      kubelet has sufficient memory available
  DiskPressure                  False   Tue, 23 Jan 2024 01:10:46 +0000   Mon, 08 Jan 2024 19:27:53 +0000   KubeletHasNoDiskPressure        kubelet has no disk pressure
  PIDPressure                   False   Tue, 23 Jan 2024 01:10:46 +0000   Mon, 08 Jan 2024 19:27:53 +0000   KubeletHasSufficientPID         kubelet has sufficient PID available
  Ready                         True    Tue, 23 Jan 2024 01:10:46 +0000   Mon, 08 Jan 2024 19:28:05 +0000   KubeletReady                    kubelet is posting ready status. AppArmor enabled
Addresses:
  InternalIP:  10.0.0.6
  InternalIP:  10.1.0.2
  InternalIP:  10.2.0.2
  InternalIP:  10.3.0.2
  InternalIP:  10.4.0.2
  ExternalIP:  35.192.35.45
  Hostname:    gke-sufkha-megatron-test-np-0-db2c160b-6w16
Capacity:
  cpu:                                 208
  ephemeral-storage:                   6238618200Ki
  hugepages-1Gi:                       0
  hugepages-2Mi:                       0
  memory:                              1932103956Ki
  networking.gke.io.networks/vpc1:     1
  networking.gke.io.networks/vpc1.IP:  1
  networking.gke.io.networks/vpc2:     1
  networking.gke.io.networks/vpc2.IP:  1
  networking.gke.io.networks/vpc3:     1
  networking.gke.io.networks/vpc3.IP:  1
  nvidia.com/gpu:                      8
  pods:                                110
Allocatable:
  cpu:                                 207410m
  ephemeral-storage:                   5642136341201
  hugepages-1Gi:                       0
  hugepages-2Mi:                       0
  memory:                              1885821204Ki
  networking.gke.io.networks/vpc1:     1
  networking.gke.io.networks/vpc1.IP:  1
  networking.gke.io.networks/vpc2:     1
  networking.gke.io.networks/vpc2.IP:  1
  networking.gke.io.networks/vpc3:     1
  networking.gke.io.networks/vpc3.IP:  1
  nvidia.com/gpu:                      8
  pods:                                110
System Info:
  Machine ID:                 4ff89384693d3823261538bb1d036813
  System UUID:                4ff89384-693d-3823-2615-38bb1d036813
  Boot ID:                    5a5026b8-338b-4b8b-bc82-2a50715c980f
  Kernel Version:             5.15.133+
  OS Image:                   Container-Optimized OS from Google
  Operating System:           linux
  Architecture:               amd64
  Container Runtime Version:  containerd://1.7.7
  Kubelet Version:            v1.27.8-gke.1067000
  Kube-Proxy Version:         v1.27.8-gke.1067000
PodCIDR:                      10.104.0.0/24
PodCIDRs:                     10.104.0.0/24
ProviderID:                   gce://supercomputer-testing/us-central1-c/gke-sufkha-megatron-test-np-0-db2c160b-6w16
Non-terminated Pods:          (28 in total)
  Namespace                   Name                                                       CPU Requests  CPU Limits  Memory Requests  Memory Limits  Age
  ---------                   ----                                                       ------------  ----------  ---------------  -------------  ---
  gmp-system                  alertmanager-0                                             2m (0%)       0 (0%)      20M (0%)         160M (0%)      14d
  gmp-system                  collector-5pjtp                                            5m (0%)       0 (0%)      36M (0%)         3032M (0%)     14d
  gmp-system                  rule-evaluator-56bb46cb96-jvf88                            2m (0%)       0 (0%)      20M (0%)         1032M (0%)     14d
  kube-system                 anetd-9q6ns                                                100m (0%)     0 (0%)      100Mi (0%)       0 (0%)         14d
  kube-system                 antrea-controller-horizontal-autoscaler-67df5fcf9-qkv24    10m (0%)      0 (0%)      0 (0%)           0 (0%)         14d
  kube-system                 event-exporter-gke-5b8bcb44f7-2h27k                        3m (0%)       0 (0%)      100Mi (0%)       0 (0%)         14d
  kube-system                 filestore-node-z8zcb                                       20m (0%)      0 (0%)      130Mi (0%)       0 (0%)         14d
  kube-system                 fluentbit-gke-hj6sg                                        100m (0%)     0 (0%)      200Mi (0%)       500Mi (0%)     14d
  kube-system                 gcsfusecsi-node-fzwcq                                      10m (0%)      0 (0%)      20Mi (0%)        0 (0%)         14d
  kube-system                 gke-metadata-server-ck9qz                                  100m (0%)     0 (0%)      100Mi (0%)       100Mi (0%)     14d
  kube-system                 gke-metrics-agent-zpb4m                                    14m (0%)      0 (0%)      160Mi (0%)       160Mi (0%)     14d
  kube-system                 high-perf-config-daemon-fhnh5                              0 (0%)        0 (0%)      20Mi (0%)        0 (0%)         6m30s
  kube-system                 high-perf-device-plugin-kftsl                              10m (0%)      0 (0%)      50Mi (0%)        0 (0%)         6m20s
  kube-system                 konnectivity-agent-768bf44cfd-2j2v8                        10m (0%)      0 (0%)      30Mi (0%)        125Mi (0%)     14d
  kube-system                 konnectivity-agent-768bf44cfd-5r2xg                        10m (0%)      0 (0%)      30Mi (0%)        125Mi (0%)     14d
  kube-system                 konnectivity-agent-768bf44cfd-pcqjt                        10m (0%)      0 (0%)      30Mi (0%)        125Mi (0%)     14d
  kube-system                 konnectivity-agent-autoscaler-5d9dbcc6d8-xf2hl             10m (0%)      0 (0%)      10M (0%)         0 (0%)         14d
  kube-system                 kube-dns-7bfd96bd47-dr4jr                                  260m (0%)     0 (0%)      540Mi (0%)       500Mi (0%)     14d
  kube-system                 kube-dns-7bfd96bd47-xjdgq                                  260m (0%)     0 (0%)      540Mi (0%)       500Mi (0%)     14d
  kube-system                 kube-dns-autoscaler-84b8db4dc7-bxg5c                       20m (0%)      0 (0%)      10Mi (0%)        0 (0%)         14d
  kube-system                 l7-default-backend-cf7cdc6f6-rc64t                         10m (0%)      0 (0%)      20Mi (0%)        0 (0%)         14d
  kube-system                 maintenance-handler-5hflw                                  0 (0%)        0 (0%)      0 (0%)           0 (0%)         14d
  kube-system                 nccl-tcpx-installer-vshf5                                  150m (0%)     0 (0%)      0 (0%)           0 (0%)         14d
  kube-system                 netd-gf8bc                                                 2m (0%)       0 (0%)      30Mi (0%)        0 (0%)         14d
  kube-system                 nvidia-driver-installer-bsjhx                              150m (0%)     0 (0%)      0 (0%)           0 (0%)         14d
  kube-system                 nvidia-gpu-device-plugin-large-cos-7z8tt                   150m (0%)     0 (0%)      100Mi (0%)       100Mi (0%)     14d
  kube-system                 nvidia-gpu-device-plugin-xzxgt                             50m (0%)      0 (0%)      100Mi (0%)       100Mi (0%)     14d
  kube-system                 pdcsi-node-46tr5                                           10m (0%)      0 (0%)      20Mi (0%)        100Mi (0%)     14d
Allocated resources:
  (Total limits may be over 100 percent, i.e., overcommitted.)
  Resource                            Requests         Limits
  --------                            --------         ------
  cpu                                 1478m (0%)       0 (0%)
  memory                              2529182080 (0%)  6777282560 (0%)
  ephemeral-storage                   0 (0%)           0 (0%)
  hugepages-1Gi                       0 (0%)           0 (0%)
  hugepages-2Mi                       0 (0%)           0 (0%)
  networking.gke.io.networks/vpc1     0                0
  networking.gke.io.networks/vpc1.IP  0                0
  networking.gke.io.networks/vpc2     0                0
  networking.gke.io.networks/vpc2.IP  0                0
  networking.gke.io.networks/vpc3     0                0
  networking.gke.io.networks/vpc3.IP  0                0
  nvidia.com/gpu                      0                0
Events:                               <none>
